1568127495240:help
1568127499978:exit
1568130814430:progressBar()
1568130816545:progressBar
1568130818862:help
1568130827290:progress-bar
1568135048872:le
1568135050721:exit
1568135067752:test
1568135069489:exit
1568310829337:help
1568310873638:update
1568314680934:help
1568314683072:update
1568679748321:exit
1568682225774:wd
1568682231623:help
1568682257005:set-working-directory D:\\Users\\Nitorac\\AppData\\Roaming\\.technic\\modpacks\\nitoreborned\\mods
1568682991816:set-working-directory
1568682993212:help
1568683020832:set-working-directory ""
1568683058775:set-working-directory D:\\\\Users\\\\Nitorac\\\\AppData\\\\Roaming\\\\.technic\\\\modpacks\\\\nitoreborned\\\\mods
1568683078438:set-working-directory D:\\Users\\Nitorac\\AppData\\Roaming\\.technic\\modpacks\\nitoreborned\\mods
1568683116742:set-working-directory D:\\\\Users\\\\Nitorac\\\\AppData\\\\Roaming\\\\.technic\\\\modpacks\\\\nitoreborned\\\\mods
1568683130920:update
1568683147509:stacktrace
1568683668868:update
1568683905346:stacktrace
1568684111056:update
